<?xml version="1.0" encoding="UTF-8"?>
<testsuite xmlns:xsi="http://www.w3.org/2001/XMLSchema-instance" xsi:noNamespaceSchemaLocation="https://maven.apache.org/surefire/maven-surefire-plugin/xsd/surefire-test-report-3.0.xsd" version="3.0" name="FileCleanerTest" time="0.43" tests="3" errors="0" skipped="0" failures="0">
  <properties>
[...]
</properties>
  <testcase name="testWriteOutputFile" classname="FileCleanerTest" time="0.415"/>
  <testcase name="testCleanEmailList" classname="FileCleanerTest" time="0.006">
    <system-err><![CDATA[Data validation error at line 3: Invalid number of fields.
]]></system-err>
  </testcase>
  <testcase name="testDisplayHelp" classname="FileCleanerTest" time="0.001"/>
</testsuite>